<?xml version="1.0" encoding="UTF-8"?>
<!-- Generated by org.testng.reporters.JUnitXMLReporter -->
<testsuite ignored="0" hostname="Sakthi" failures="0" tests="3" name="Test" time="66.908" errors="0" timestamp="2025-03-31T02:34:02 IST">
  <testcase classname="testCases.AddContact_testCases" name="login" time="49.703"/>
  <testcase classname="testCases.Login_testCases" name="login" time="9.695"/>
  <testcase classname="testCases.Signin_testCases" name="signin" time="7.441"/>
</testsuite> <!-- Test -->
