<?xml version="1.0" encoding="UTF-8"?>
<testng-results ignored="0" total="3" passed="3" failed="0" skipped="0">
  <reporter-output>
  </reporter-output>
  <suite started-at="2025-03-31T02:32:55 IST" name="Suite" finished-at="2025-03-31T02:34:02 IST" duration-ms="66908">
    <groups>
    </groups>
    <test started-at="2025-03-31T02:32:55 IST" name="Test" finished-at="2025-03-31T02:34:02 IST" duration-ms="66908">
      <class name="testCases.Login_testCases">
        <test-method signature="login()[pri:0, instance:testCases.Login_testCases@615091b8]" started-at="2025-03-31T02:33:44 IST" name="login" finished-at="2025-03-31T02:33:54 IST" duration-ms="9695" status="PASS">
          <reporter-output>
          </reporter-output>
        </test-method> <!-- login -->
      </class> <!-- testCases.Login_testCases -->
      <class name="testCases.AddContact_testCases">
        <test-method signature="login()[pri:0, instance:testCases.AddContact_testCases@64ba3208]" started-at="2025-03-31T02:32:55 IST" name="login" finished-at="2025-03-31T02:33:44 IST" duration-ms="49703" status="PASS">
          <reporter-output>
          </reporter-output>
        </test-method> <!-- login -->
      </class> <!-- testCases.AddContact_testCases -->
      <class name="testCases.Signin_testCases">
        <test-method signature="signin()[pri:0, instance:testCases.Signin_testCases@4fce136b]" started-at="2025-03-31T02:33:54 IST" name="signin" finished-at="2025-03-31T02:34:02 IST" duration-ms="7441" status="PASS">
          <reporter-output>
          </reporter-output>
        </test-method> <!-- signin -->
      </class> <!-- testCases.Signin_testCases -->
    </test> <!-- Test -->
  </suite> <!-- Suite -->
</testng-results>
